array (
  'return_code' => 'SUCCESS',
  'return_msg' => 'OK',
  'appid' => 'wx01e8e212c21e5adc',
  'mch_id' => '1463803302',
  'nonce_str' => 'txFmduKpuW0Sr0lj',
  'sign' => '41770002B4EF3729277198562D742B56',
  'result_code' => 'FAIL',
  'err_code' => 'PARAM_ERROR',
  'err_code_des' => 'JSAPI支付必须传openid',
  'err_msg' => NULL,
)array (
  'return_code' => 'SUCCESS',
  'return_msg' => 'OK',
  'appid' => 'wx01e8e212c21e5adc',
  'mch_id' => '1463803302',
  'nonce_str' => 'EBCz4wLzZSyA1rdf',
  'sign' => '9809C0EBE9D9CD1F6E95F2A15747765E',
  'result_code' => 'FAIL',
  'err_code' => 'INVALID_REQUEST',
  'err_code_des' => '201 商户订单号重复',
  'err_msg' => NULL,
)array (
  'return_code' => 'SUCCESS',
  'return_msg' => 'OK',
  'appid' => 'wx01e8e212c21e5adc',
  'mch_id' => '1463803302',
  'nonce_str' => '3DSAFwGcYYDI9RY4',
  'sign' => '7D31570E0C209C8630C8D1FA0E2690EF',
  'result_code' => 'SUCCESS',
  'prepay_id' => 'wx2017235651829734bed4971f1205916100',
  'trade_type' => 'JSAPI',
)array (
  'return_code' => 'SUCCESS',
  'return_msg' => 'OK',
  'appid' => 'wx01e8e212c21e5adc',
  'mch_id' => '1463803302',
  'nonce_str' => 'esx6aoJpfHTOqrUd',
  'sign' => 'B772E125C50707F62543F58C93118C2C',
  'result_code' => 'SUCCESS',
  'prepay_id' => 'wx2017304848807534bed4971f1774168600',
  'trade_type' => 'JSAPI',
)array (
  'return_code' => 'SUCCESS',
  'return_msg' => 'OK',
  'appid' => 'wx01e8e212c21e5adc',
  'mch_id' => '1463803302',
  'nonce_str' => 'RQ9mTHnHTroRZnjn',
  'sign' => '9BA9ECC96B06EA8A545557B10FC303F2',
  'result_code' => 'SUCCESS',
  'prepay_id' => 'wx2017310276338634bed4971f1156113900',
  'trade_type' => 'JSAPI',
)array (
  'return_code' => 'SUCCESS',
  'return_msg' => 'OK',
  'appid' => 'wx01e8e212c21e5adc',
  'mch_id' => '1463803302',
  'nonce_str' => 'KqZeO8K08i5gJImD',
  'sign' => '5C96EBC9A4322D4A4452AE98F89B63D0',
  'result_code' => 'SUCCESS',
  'prepay_id' => 'wx2017312547671834bed4971f1290328000',
  'trade_type' => 'JSAPI',
)array (
  'return_code' => 'SUCCESS',
  'return_msg' => 'OK',
  'appid' => 'wx01e8e212c21e5adc',
  'mch_id' => '1463803302',
  'nonce_str' => '5fT4GoHGoblgVdJl',
  'sign' => 'CF5172FF5F6F6E1F1ED9FF1245C1E13D',
  'result_code' => 'SUCCESS',
  'prepay_id' => 'wx2017312964101134bed4971f1035851200',
  'trade_type' => 'JSAPI',
)array (
  'return_code' => 'SUCCESS',
  'return_msg' => 'OK',
  'appid' => 'wx01e8e212c21e5adc',
  'mch_id' => '1463803302',
  'nonce_str' => '1PS96pCnSUTUwgyr',
  'sign' => '83FE0274C7A48848D84C81280C5DDAD5',
  'result_code' => 'SUCCESS',
  'prepay_id' => 'wx2017395016727834bed4971f1020724300',
  'trade_type' => 'JSAPI',
)array (
  'return_code' => 'SUCCESS',
  'return_msg' => 'OK',
  'appid' => 'wx01e8e212c21e5adc',
  'mch_id' => '1463803302',
  'nonce_str' => 'dApSW2g9xpvbnDck',
  'sign' => 'BD561D697BFA32E5C37B2F0B9CF7758B',
  'result_code' => 'SUCCESS',
  'prepay_id' => 'wx2017403474451034bed4971f1055254300',
  'trade_type' => 'JSAPI',
)array (
  'return_code' => 'SUCCESS',
  'return_msg' => 'OK',
  'appid' => 'wx01e8e212c21e5adc',
  'mch_id' => '1463803302',
  'nonce_str' => 'BdPIsVlti1qo9jm0',
  'sign' => 'E47B8159232B97D00B01B9DC31F75336',
  'result_code' => 'SUCCESS',
  'prepay_id' => 'wx2017405307304434bed4971f1551187900',
  'trade_type' => 'JSAPI',
)array (
  'return_code' => 'SUCCESS',
  'return_msg' => 'OK',
  'appid' => 'wx01e8e212c21e5adc',
  'mch_id' => '1463803302',
  'nonce_str' => 'vH4m0UzNV1jS5G1G',
  'sign' => '83E033B09CBED5A4474F7860AE7EDF3C',
  'result_code' => 'SUCCESS',
  'prepay_id' => 'wx2017412923458234bed4971f1678900700',
  'trade_type' => 'JSAPI',
)array (
  'return_code' => 'SUCCESS',
  'return_msg' => 'OK',
  'appid' => 'wx01e8e212c21e5adc',
  'mch_id' => '1463803302',
  'nonce_str' => 'G06UAH05xZhf48XK',
  'sign' => '2BADDB0B623344BA9597BF7C2A55CC1E',
  'result_code' => 'SUCCESS',
  'prepay_id' => 'wx2017431560242934bed4971f1147924900',
  'trade_type' => 'JSAPI',
)array (
  'return_code' => 'SUCCESS',
  'return_msg' => 'OK',
  'appid' => 'wx01e8e212c21e5adc',
  'mch_id' => '1463803302',
  'nonce_str' => '2C3WymE6qKCws5Vr',
  'sign' => '929B74EABE48BB4B61D62B875849101E',
  'result_code' => 'SUCCESS',
  'prepay_id' => 'wx2017444263216334bed4971f1824778800',
  'trade_type' => 'JSAPI',
)array (
  'return_code' => 'SUCCESS',
  'return_msg' => 'OK',
  'appid' => 'wx01e8e212c21e5adc',
  'mch_id' => '1463803302',
  'nonce_str' => 'VhfUgICJaQXu8rfT',
  'sign' => 'A629C010A3CFCAAC0A49EB807F1CCB2C',
  'result_code' => 'SUCCESS',
  'prepay_id' => 'wx2017462136646834bed4971f1736428300',
  'trade_type' => 'JSAPI',
)array (
  'return_code' => 'SUCCESS',
  'return_msg' => 'OK',
  'appid' => 'wx01e8e212c21e5adc',
  'mch_id' => '1463803302',
  'nonce_str' => '8aQYWnbVBjlWhYu1',
  'sign' => 'D67F2D8AD3DB76DB36A0F65D728CC80C',
  'result_code' => 'SUCCESS',
  'prepay_id' => 'wx2017470807304034bed4971f1993282400',
  'trade_type' => 'JSAPI',
)array (
  'return_code' => 'SUCCESS',
  'return_msg' => 'OK',
  'appid' => 'wx01e8e212c21e5adc',
  'mch_id' => '1463803302',
  'nonce_str' => 'WWkgS4yePCvbREXK',
  'sign' => 'B533A5D5114CE9510E0966565B901A11',
  'result_code' => 'SUCCESS',
  'prepay_id' => 'wx2017472567012834bed4971f1672347400',
  'trade_type' => 'JSAPI',
)array (
  'return_code' => 'SUCCESS',
  'return_msg' => 'OK',
  'appid' => 'wx01e8e212c21e5adc',
  'mch_id' => '1463803302',
  'nonce_str' => '9ATWE9AAX2RzHzT5',
  'sign' => '782BF942AA8F834C9A04BE3E5E672F65',
  'result_code' => 'SUCCESS',
  'prepay_id' => 'wx2018001323018734bed4971f1102660300',
  'trade_type' => 'JSAPI',
)array (
  'return_code' => 'SUCCESS',
  'return_msg' => 'OK',
  'appid' => 'wx01e8e212c21e5adc',
  'mch_id' => '1463803302',
  'nonce_str' => 'hqTSwyJMgAlpCxP5',
  'sign' => '3665740A95F19A74A9AE4A5862FA4D06',
  'result_code' => 'SUCCESS',
  'prepay_id' => 'wx2018015230794434bed4971f1289333500',
  'trade_type' => 'JSAPI',
)array (
  'appId' => 'wx01e8e212c21e5adc',
  'timeStamp' => '1579516179',
  'nonceStr' => '3tCQCHIkWV7hWdtZamKyF1Yz3KEemTEv',
  'package' => 'prepay_id=wx2018293937388934bed4971f1981826800',
  'signType' => 'MD5',
  'paySign' => 'C718FDF751E5182347B106835690FC00',
  'order_id' => '2020012030831',
)array (
  'appId' => 'wx01e8e212c21e5adc',
  'timeStamp' => '1579516204',
  'nonceStr' => 'agTpfIetmZLYu533Yx4lVaQL8Ini3s9c',
  'package' => 'prepay_id=wx2018300420778634bed4971f1267490300',
  'signType' => 'MD5',
  'paySign' => '3A805A6B794F4E01A69FB37A94A7EE15',
  'order_id' => '2020012030831',
)array (
  'appId' => 'wx01e8e212c21e5adc',
  'timeStamp' => '1579516304',
  'nonceStr' => 'TipOkox4UNVKzVvuDso9tp85mzLM5ThA',
  'package' => 'prepay_id=wx2018314459925834bed4971f1248890400',
  'signType' => 'MD5',
  'paySign' => 'CA93B21728DB82E3E39B409D282964A4',
  'order_id' => '2020012030831',
)array (
  'appId' => 'wx01e8e212c21e5adc',
  'timeStamp' => '1579516324',
  'nonceStr' => '59K6sTnJKDS3ju0YX3S7YL8PA6g1CvW1',
  'package' => 'prepay_id=wx2018320406182534bed4971f1450563600',
  'signType' => 'MD5',
  'paySign' => '6D27F51FA66190AEB6B3AF91BAE4D3F7',
  'order_id' => '2020012030831',
)array (
  'appId' => 'wx01e8e212c21e5adc',
  'timeStamp' => '1579516361',
  'nonceStr' => 'VVyrnTM8lgA8lehc833HVWhBA2oV0eIj',
  'package' => 'prepay_id=wx2018324191260134bed4971f1316215200',
  'signType' => 'MD5',
  'paySign' => 'AAE471F5BAB3ADEAF1575FFE031C9A19',
  'order_id' => '2020012030831',
)array (
  'appId' => 'wx01e8e212c21e5adc',
  'timeStamp' => '1579516431',
  'nonceStr' => '5xEpQq1dRbxCV7rRTYN2ajkAd4VvKDwe',
  'package' => 'prepay_id=wx2018335155629634bed4971f1269916300',
  'signType' => 'MD5',
  'paySign' => 'A92F7F09ACA950DB82D0ECC15458D06C',
  'order_id' => '2020012030831',
)array (
  'appId' => 'wx01e8e212c21e5adc',
  'timeStamp' => '1579516460',
  'nonceStr' => '7qG5UBeS4tGGok3eOvXeA8Dj0F6pMWV2',
  'package' => 'prepay_id=wx2018342070910734bed4971f1875603200',
  'signType' => 'MD5',
  'paySign' => '98A9E9DD2E9E23336E68DF25E61DF56F',
  'order_id' => '2020012030831',
)array (
  'appId' => 'wx01e8e212c21e5adc',
  'timeStamp' => '1579516867',
  'nonceStr' => 'rxT4NJ3o9Vnylgk9bWQ5rvbappdiEMz8',
  'package' => 'prepay_id=wx2018410771039934bed4971f1196960900',
  'signType' => 'MD5',
  'paySign' => 'D1C565F23D37F38587D87398B141A6FB',
  'order_id' => '2020012030831',
)array (
  'appId' => 'wx01e8e212c21e5adc',
  'timeStamp' => '1579517324',
  'nonceStr' => 'xCzF5d6gW0lbP7kUbgg0YymI4HMupa7a',
  'package' => 'prepay_id=wx2018484408776334bed4971f1562208500',
  'signType' => 'MD5',
  'paySign' => 'FAAC2C61BEE6B9B2D71D64C0DA84C42B',
  'order_id' => '2020012030831',
)