'<xml><return_code><![CDATA[SUCCESS]]></return_code>
<return_msg><![CDATA[OK]]></return_msg>
<appid><![CDATA[wx01e8e212c21e5adc]]></appid>
<mch_id><![CDATA[1463803302]]></mch_id>
<nonce_str><![CDATA[PgmhNqppr1Da18PN]]></nonce_str>
<sign><![CDATA[2819B941CC03B8B3AE90348F1B5D4D94]]></sign>
<result_code><![CDATA[SUCCESS]]></result_code>
<prepay_id><![CDATA[wx20171240639501055cddabbc1329554700]]></prepay_id>
<trade_type><![CDATA[MWEB]]></trade_type>
<mweb_url><![CDATA[https://wx.tenpay.com/cgi-bin/mmpayweb-bin/checkmweb?prepay_id=wx20171240639501055cddabbc1329554700&package=1870925182]]></mweb_url>
</xml>''<xml><return_code><![CDATA[SUCCESS]]></return_code>
<return_msg><![CDATA[OK]]></return_msg>
<appid><![CDATA[wx01e8e212c21e5adc]]></appid>
<mch_id><![CDATA[1463803302]]></mch_id>
<nonce_str><![CDATA[wJOQAtU9vv58hqlv]]></nonce_str>
<sign><![CDATA[BB249EECA0865748122F80E2DB1F6CB1]]></sign>
<result_code><![CDATA[SUCCESS]]></result_code>
<prepay_id><![CDATA[wx20171417964067055cddabbc1868254000]]></prepay_id>
<trade_type><![CDATA[MWEB]]></trade_type>
<mweb_url><![CDATA[https://wx.tenpay.com/cgi-bin/mmpayweb-bin/checkmweb?prepay_id=wx20171417964067055cddabbc1868254000&package=3600629917]]></mweb_url>
</xml>''<xml><return_code><![CDATA[SUCCESS]]></return_code>
<return_msg><![CDATA[OK]]></return_msg>
<appid><![CDATA[wx01e8e212c21e5adc]]></appid>
<mch_id><![CDATA[1463803302]]></mch_id>
<nonce_str><![CDATA[txFmduKpuW0Sr0lj]]></nonce_str>
<sign><![CDATA[41770002B4EF3729277198562D742B56]]></sign>
<result_code><![CDATA[FAIL]]></result_code>
<err_code><![CDATA[PARAM_ERROR]]></err_code>
<err_code_des><![CDATA[JSAPI支付必须传openid]]></err_code_des>
</xml>''<xml><return_code><![CDATA[SUCCESS]]></return_code>
<return_msg><![CDATA[OK]]></return_msg>
<appid><![CDATA[wx01e8e212c21e5adc]]></appid>
<mch_id><![CDATA[1463803302]]></mch_id>
<nonce_str><![CDATA[EBCz4wLzZSyA1rdf]]></nonce_str>
<sign><![CDATA[9809C0EBE9D9CD1F6E95F2A15747765E]]></sign>
<result_code><![CDATA[FAIL]]></result_code>
<err_code><![CDATA[INVALID_REQUEST]]></err_code>
<err_code_des><![CDATA[201 商户订单号重复]]></err_code_des>
</xml>''<xml><return_code><![CDATA[SUCCESS]]></return_code>
<return_msg><![CDATA[OK]]></return_msg>
<appid><![CDATA[wx01e8e212c21e5adc]]></appid>
<mch_id><![CDATA[1463803302]]></mch_id>
<nonce_str><![CDATA[3DSAFwGcYYDI9RY4]]></nonce_str>
<sign><![CDATA[7D31570E0C209C8630C8D1FA0E2690EF]]></sign>
<result_code><![CDATA[SUCCESS]]></result_code>
<prepay_id><![CDATA[wx2017235651829734bed4971f1205916100]]></prepay_id>
<trade_type><![CDATA[JSAPI]]></trade_type>
</xml>''<xml><return_code><![CDATA[SUCCESS]]></return_code>
<return_msg><![CDATA[OK]]></return_msg>
<appid><![CDATA[wx01e8e212c21e5adc]]></appid>
<mch_id><![CDATA[1463803302]]></mch_id>
<nonce_str><![CDATA[esx6aoJpfHTOqrUd]]></nonce_str>
<sign><![CDATA[B772E125C50707F62543F58C93118C2C]]></sign>
<result_code><![CDATA[SUCCESS]]></result_code>
<prepay_id><![CDATA[wx2017304848807534bed4971f1774168600]]></prepay_id>
<trade_type><![CDATA[JSAPI]]></trade_type>
</xml>''<xml><return_code><![CDATA[SUCCESS]]></return_code>
<return_msg><![CDATA[OK]]></return_msg>
<appid><![CDATA[wx01e8e212c21e5adc]]></appid>
<mch_id><![CDATA[1463803302]]></mch_id>
<nonce_str><![CDATA[RQ9mTHnHTroRZnjn]]></nonce_str>
<sign><![CDATA[9BA9ECC96B06EA8A545557B10FC303F2]]></sign>
<result_code><![CDATA[SUCCESS]]></result_code>
<prepay_id><![CDATA[wx2017310276338634bed4971f1156113900]]></prepay_id>
<trade_type><![CDATA[JSAPI]]></trade_type>
</xml>''<xml><return_code><![CDATA[SUCCESS]]></return_code>
<return_msg><![CDATA[OK]]></return_msg>
<appid><![CDATA[wx01e8e212c21e5adc]]></appid>
<mch_id><![CDATA[1463803302]]></mch_id>
<nonce_str><![CDATA[KqZeO8K08i5gJImD]]></nonce_str>
<sign><![CDATA[5C96EBC9A4322D4A4452AE98F89B63D0]]></sign>
<result_code><![CDATA[SUCCESS]]></result_code>
<prepay_id><![CDATA[wx2017312547671834bed4971f1290328000]]></prepay_id>
<trade_type><![CDATA[JSAPI]]></trade_type>
</xml>''<xml><return_code><![CDATA[SUCCESS]]></return_code>
<return_msg><![CDATA[OK]]></return_msg>
<appid><![CDATA[wx01e8e212c21e5adc]]></appid>
<mch_id><![CDATA[1463803302]]></mch_id>
<nonce_str><![CDATA[5fT4GoHGoblgVdJl]]></nonce_str>
<sign><![CDATA[CF5172FF5F6F6E1F1ED9FF1245C1E13D]]></sign>
<result_code><![CDATA[SUCCESS]]></result_code>
<prepay_id><![CDATA[wx2017312964101134bed4971f1035851200]]></prepay_id>
<trade_type><![CDATA[JSAPI]]></trade_type>
</xml>''<xml><return_code><![CDATA[SUCCESS]]></return_code>
<return_msg><![CDATA[OK]]></return_msg>
<appid><![CDATA[wx01e8e212c21e5adc]]></appid>
<mch_id><![CDATA[1463803302]]></mch_id>
<nonce_str><![CDATA[1PS96pCnSUTUwgyr]]></nonce_str>
<sign><![CDATA[83FE0274C7A48848D84C81280C5DDAD5]]></sign>
<result_code><![CDATA[SUCCESS]]></result_code>
<prepay_id><![CDATA[wx2017395016727834bed4971f1020724300]]></prepay_id>
<trade_type><![CDATA[JSAPI]]></trade_type>
</xml>''<xml><return_code><![CDATA[SUCCESS]]></return_code>
<return_msg><![CDATA[OK]]></return_msg>
<appid><![CDATA[wx01e8e212c21e5adc]]></appid>
<mch_id><![CDATA[1463803302]]></mch_id>
<nonce_str><![CDATA[dApSW2g9xpvbnDck]]></nonce_str>
<sign><![CDATA[BD561D697BFA32E5C37B2F0B9CF7758B]]></sign>
<result_code><![CDATA[SUCCESS]]></result_code>
<prepay_id><![CDATA[wx2017403474451034bed4971f1055254300]]></prepay_id>
<trade_type><![CDATA[JSAPI]]></trade_type>
</xml>''<xml><return_code><![CDATA[SUCCESS]]></return_code>
<return_msg><![CDATA[OK]]></return_msg>
<appid><![CDATA[wx01e8e212c21e5adc]]></appid>
<mch_id><![CDATA[1463803302]]></mch_id>
<nonce_str><![CDATA[BdPIsVlti1qo9jm0]]></nonce_str>
<sign><![CDATA[E47B8159232B97D00B01B9DC31F75336]]></sign>
<result_code><![CDATA[SUCCESS]]></result_code>
<prepay_id><![CDATA[wx2017405307304434bed4971f1551187900]]></prepay_id>
<trade_type><![CDATA[JSAPI]]></trade_type>
</xml>''<xml><return_code><![CDATA[SUCCESS]]></return_code>
<return_msg><![CDATA[OK]]></return_msg>
<appid><![CDATA[wx01e8e212c21e5adc]]></appid>
<mch_id><![CDATA[1463803302]]></mch_id>
<nonce_str><![CDATA[vH4m0UzNV1jS5G1G]]></nonce_str>
<sign><![CDATA[83E033B09CBED5A4474F7860AE7EDF3C]]></sign>
<result_code><![CDATA[SUCCESS]]></result_code>
<prepay_id><![CDATA[wx2017412923458234bed4971f1678900700]]></prepay_id>
<trade_type><![CDATA[JSAPI]]></trade_type>
</xml>''<xml><return_code><![CDATA[SUCCESS]]></return_code>
<return_msg><![CDATA[OK]]></return_msg>
<appid><![CDATA[wx01e8e212c21e5adc]]></appid>
<mch_id><![CDATA[1463803302]]></mch_id>
<nonce_str><![CDATA[G06UAH05xZhf48XK]]></nonce_str>
<sign><![CDATA[2BADDB0B623344BA9597BF7C2A55CC1E]]></sign>
<result_code><![CDATA[SUCCESS]]></result_code>
<prepay_id><![CDATA[wx2017431560242934bed4971f1147924900]]></prepay_id>
<trade_type><![CDATA[JSAPI]]></trade_type>
</xml>''<xml><return_code><![CDATA[SUCCESS]]></return_code>
<return_msg><![CDATA[OK]]></return_msg>
<appid><![CDATA[wx01e8e212c21e5adc]]></appid>
<mch_id><![CDATA[1463803302]]></mch_id>
<nonce_str><![CDATA[2C3WymE6qKCws5Vr]]></nonce_str>
<sign><![CDATA[929B74EABE48BB4B61D62B875849101E]]></sign>
<result_code><![CDATA[SUCCESS]]></result_code>
<prepay_id><![CDATA[wx2017444263216334bed4971f1824778800]]></prepay_id>
<trade_type><![CDATA[JSAPI]]></trade_type>
</xml>''<xml><return_code><![CDATA[SUCCESS]]></return_code>
<return_msg><![CDATA[OK]]></return_msg>
<appid><![CDATA[wx01e8e212c21e5adc]]></appid>
<mch_id><![CDATA[1463803302]]></mch_id>
<nonce_str><![CDATA[VhfUgICJaQXu8rfT]]></nonce_str>
<sign><![CDATA[A629C010A3CFCAAC0A49EB807F1CCB2C]]></sign>
<result_code><![CDATA[SUCCESS]]></result_code>
<prepay_id><![CDATA[wx2017462136646834bed4971f1736428300]]></prepay_id>
<trade_type><![CDATA[JSAPI]]></trade_type>
</xml>''<xml><return_code><![CDATA[SUCCESS]]></return_code>
<return_msg><![CDATA[OK]]></return_msg>
<appid><![CDATA[wx01e8e212c21e5adc]]></appid>
<mch_id><![CDATA[1463803302]]></mch_id>
<nonce_str><![CDATA[8aQYWnbVBjlWhYu1]]></nonce_str>
<sign><![CDATA[D67F2D8AD3DB76DB36A0F65D728CC80C]]></sign>
<result_code><![CDATA[SUCCESS]]></result_code>
<prepay_id><![CDATA[wx2017470807304034bed4971f1993282400]]></prepay_id>
<trade_type><![CDATA[JSAPI]]></trade_type>
</xml>''<xml><return_code><![CDATA[SUCCESS]]></return_code>
<return_msg><![CDATA[OK]]></return_msg>
<appid><![CDATA[wx01e8e212c21e5adc]]></appid>
<mch_id><![CDATA[1463803302]]></mch_id>
<nonce_str><![CDATA[WWkgS4yePCvbREXK]]></nonce_str>
<sign><![CDATA[B533A5D5114CE9510E0966565B901A11]]></sign>
<result_code><![CDATA[SUCCESS]]></result_code>
<prepay_id><![CDATA[wx2017472567012834bed4971f1672347400]]></prepay_id>
<trade_type><![CDATA[JSAPI]]></trade_type>
</xml>''<xml><return_code><![CDATA[SUCCESS]]></return_code>
<return_msg><![CDATA[OK]]></return_msg>
<appid><![CDATA[wx01e8e212c21e5adc]]></appid>
<mch_id><![CDATA[1463803302]]></mch_id>
<nonce_str><![CDATA[9ATWE9AAX2RzHzT5]]></nonce_str>
<sign><![CDATA[782BF942AA8F834C9A04BE3E5E672F65]]></sign>
<result_code><![CDATA[SUCCESS]]></result_code>
<prepay_id><![CDATA[wx2018001323018734bed4971f1102660300]]></prepay_id>
<trade_type><![CDATA[JSAPI]]></trade_type>
</xml>''<xml><return_code><![CDATA[SUCCESS]]></return_code>
<return_msg><![CDATA[OK]]></return_msg>
<appid><![CDATA[wx01e8e212c21e5adc]]></appid>
<mch_id><![CDATA[1463803302]]></mch_id>
<nonce_str><![CDATA[hqTSwyJMgAlpCxP5]]></nonce_str>
<sign><![CDATA[3665740A95F19A74A9AE4A5862FA4D06]]></sign>
<result_code><![CDATA[SUCCESS]]></result_code>
<prepay_id><![CDATA[wx2018015230794434bed4971f1289333500]]></prepay_id>
<trade_type><![CDATA[JSAPI]]></trade_type>
</xml>''<xml><return_code><![CDATA[SUCCESS]]></return_code>
<return_msg><![CDATA[OK]]></return_msg>
<appid><![CDATA[wx01e8e212c21e5adc]]></appid>
<mch_id><![CDATA[1463803302]]></mch_id>
<nonce_str><![CDATA[ikPeHF8yDuYORwyl]]></nonce_str>
<sign><![CDATA[86D3A5353CB337C08568613B4C3410C9]]></sign>
<result_code><![CDATA[SUCCESS]]></result_code>
<prepay_id><![CDATA[wx2018224909121334bed4971f1612063800]]></prepay_id>
<trade_type><![CDATA[JSAPI]]></trade_type>
</xml>''<xml><return_code><![CDATA[SUCCESS]]></return_code>
<return_msg><![CDATA[OK]]></return_msg>
<appid><![CDATA[wx01e8e212c21e5adc]]></appid>
<mch_id><![CDATA[1463803302]]></mch_id>
<nonce_str><![CDATA[tTQqKEmNV86jTNPl]]></nonce_str>
<sign><![CDATA[D90C9233458B61DA96FAFBF6AF6B9B9D]]></sign>
<result_code><![CDATA[SUCCESS]]></result_code>
<prepay_id><![CDATA[wx2018293937388934bed4971f1981826800]]></prepay_id>
<trade_type><![CDATA[JSAPI]]></trade_type>
</xml>''<xml><return_code><![CDATA[SUCCESS]]></return_code>
<return_msg><![CDATA[OK]]></return_msg>
<appid><![CDATA[wx01e8e212c21e5adc]]></appid>
<mch_id><![CDATA[1463803302]]></mch_id>
<nonce_str><![CDATA[6E5fHjBqgnweZcvy]]></nonce_str>
<sign><![CDATA[A5CFA6C79F5BD6F17F4CFD8DA102DF20]]></sign>
<result_code><![CDATA[SUCCESS]]></result_code>
<prepay_id><![CDATA[wx2018300420778634bed4971f1267490300]]></prepay_id>
<trade_type><![CDATA[JSAPI]]></trade_type>
</xml>''<xml><return_code><![CDATA[SUCCESS]]></return_code>
<return_msg><![CDATA[OK]]></return_msg>
<appid><![CDATA[wx01e8e212c21e5adc]]></appid>
<mch_id><![CDATA[1463803302]]></mch_id>
<nonce_str><![CDATA[8rW75nfHJ40xhX00]]></nonce_str>
<sign><![CDATA[FD37D2BB23EBBF4CEFEBC89B15893FF9]]></sign>
<result_code><![CDATA[SUCCESS]]></result_code>
<prepay_id><![CDATA[wx2018314459925834bed4971f1248890400]]></prepay_id>
<trade_type><![CDATA[JSAPI]]></trade_type>
</xml>''<xml><return_code><![CDATA[SUCCESS]]></return_code>
<return_msg><![CDATA[OK]]></return_msg>
<appid><![CDATA[wx01e8e212c21e5adc]]></appid>
<mch_id><![CDATA[1463803302]]></mch_id>
<nonce_str><![CDATA[4KMeb3iWCPcMCunP]]></nonce_str>
<sign><![CDATA[03B409B00EB73086138B0270F1C30435]]></sign>
<result_code><![CDATA[SUCCESS]]></result_code>
<prepay_id><![CDATA[wx2018320406182534bed4971f1450563600]]></prepay_id>
<trade_type><![CDATA[JSAPI]]></trade_type>
</xml>''<xml><return_code><![CDATA[SUCCESS]]></return_code>
<return_msg><![CDATA[OK]]></return_msg>
<appid><![CDATA[wx01e8e212c21e5adc]]></appid>
<mch_id><![CDATA[1463803302]]></mch_id>
<nonce_str><![CDATA[hxkdHKnmIfKTd9KH]]></nonce_str>
<sign><![CDATA[920F3BF72E373E36C066BB62F743F71F]]></sign>
<result_code><![CDATA[SUCCESS]]></result_code>
<prepay_id><![CDATA[wx2018324191260134bed4971f1316215200]]></prepay_id>
<trade_type><![CDATA[JSAPI]]></trade_type>
</xml>''<xml><return_code><![CDATA[SUCCESS]]></return_code>
<return_msg><![CDATA[OK]]></return_msg>
<appid><![CDATA[wx01e8e212c21e5adc]]></appid>
<mch_id><![CDATA[1463803302]]></mch_id>
<nonce_str><![CDATA[e6GtKLGVCfNhWmSw]]></nonce_str>
<sign><![CDATA[C8DEA86CD51E34255209DA0BE1C01333]]></sign>
<result_code><![CDATA[SUCCESS]]></result_code>
<prepay_id><![CDATA[wx2018331706535934bed4971f1625725700]]></prepay_id>
<trade_type><![CDATA[JSAPI]]></trade_type>
</xml>''<xml><return_code><![CDATA[SUCCESS]]></return_code>
<return_msg><![CDATA[OK]]></return_msg>
<appid><![CDATA[wx01e8e212c21e5adc]]></appid>
<mch_id><![CDATA[1463803302]]></mch_id>
<nonce_str><![CDATA[Mfuw4bTvsPbExCLj]]></nonce_str>
<sign><![CDATA[D8A608E2677A43308022FD7F17714030]]></sign>
<result_code><![CDATA[SUCCESS]]></result_code>
<prepay_id><![CDATA[wx2018332958088534bed4971f1428745500]]></prepay_id>
<trade_type><![CDATA[JSAPI]]></trade_type>
</xml>''<xml><return_code><![CDATA[SUCCESS]]></return_code>
<return_msg><![CDATA[OK]]></return_msg>
<appid><![CDATA[wx01e8e212c21e5adc]]></appid>
<mch_id><![CDATA[1463803302]]></mch_id>
<nonce_str><![CDATA[i84dZSP6vFYHHN7a]]></nonce_str>
<sign><![CDATA[C25B4E7806FC15B698F991DE8A8B9487]]></sign>
<result_code><![CDATA[SUCCESS]]></result_code>
<prepay_id><![CDATA[wx2018335155629634bed4971f1269916300]]></prepay_id>
<trade_type><![CDATA[JSAPI]]></trade_type>
</xml>''<xml><return_code><![CDATA[SUCCESS]]></return_code>
<return_msg><![CDATA[OK]]></return_msg>
<appid><![CDATA[wx01e8e212c21e5adc]]></appid>
<mch_id><![CDATA[1463803302]]></mch_id>
<nonce_str><![CDATA[bOYr4jIwant14CzY]]></nonce_str>
<sign><![CDATA[284D18FF5AA63F32F9E988AFCC665978]]></sign>
<result_code><![CDATA[SUCCESS]]></result_code>
<prepay_id><![CDATA[wx2018342070910734bed4971f1875603200]]></prepay_id>
<trade_type><![CDATA[JSAPI]]></trade_type>
</xml>''<xml><return_code><![CDATA[SUCCESS]]></return_code>
<return_msg><![CDATA[OK]]></return_msg>
<appid><![CDATA[wx01e8e212c21e5adc]]></appid>
<mch_id><![CDATA[1463803302]]></mch_id>
<nonce_str><![CDATA[xzmcBWPbB4Ec4KqC]]></nonce_str>
<sign><![CDATA[6B3676B52A6DF1CDD2629A56E344BD42]]></sign>
<result_code><![CDATA[SUCCESS]]></result_code>
<prepay_id><![CDATA[wx2018410771039934bed4971f1196960900]]></prepay_id>
<trade_type><![CDATA[JSAPI]]></trade_type>
</xml>''<xml><return_code><![CDATA[SUCCESS]]></return_code>
<return_msg><![CDATA[OK]]></return_msg>
<appid><![CDATA[wx01e8e212c21e5adc]]></appid>
<mch_id><![CDATA[1463803302]]></mch_id>
<nonce_str><![CDATA[lG3YlwE6Dse4bvyF]]></nonce_str>
<sign><![CDATA[351E640EF77EEE56B8DD8C90E2B0D973]]></sign>
<result_code><![CDATA[SUCCESS]]></result_code>
<prepay_id><![CDATA[wx2018484408776334bed4971f1562208500]]></prepay_id>
<trade_type><![CDATA[JSAPI]]></trade_type>
</xml>'