array (
  'return_code' => 'SUCCESS',
  'return_msg' => 'OK',
  'appid' => 'wx01e8e212c21e5adc',
  'mch_id' => '1463803302',
  'nonce_str' => 'PgmhNqppr1Da18PN',
  'sign' => '2819B941CC03B8B3AE90348F1B5D4D94',
  'result_code' => 'SUCCESS',
  'prepay_id' => 'wx20171240639501055cddabbc1329554700',
  'trade_type' => 'MWEB',
  'mweb_url' => 'https://wx.tenpay.com/cgi-bin/mmpayweb-bin/checkmweb?prepay_id=wx20171240639501055cddabbc1329554700&package=1870925182',
)array (
  'return_code' => 'SUCCESS',
  'return_msg' => 'OK',
  'appid' => 'wx01e8e212c21e5adc',
  'mch_id' => '1463803302',
  'nonce_str' => 'wJOQAtU9vv58hqlv',
  'sign' => 'BB249EECA0865748122F80E2DB1F6CB1',
  'result_code' => 'SUCCESS',
  'prepay_id' => 'wx20171417964067055cddabbc1868254000',
  'trade_type' => 'MWEB',
  'mweb_url' => 'https://wx.tenpay.com/cgi-bin/mmpayweb-bin/checkmweb?prepay_id=wx20171417964067055cddabbc1868254000&package=3600629917',
)array (
  'return_code' => 'SUCCESS',
  'return_msg' => 'OK',
  'appid' => 'wx01e8e212c21e5adc',
  'mch_id' => '1463803302',
  'nonce_str' => 'txFmduKpuW0Sr0lj',
  'sign' => '41770002B4EF3729277198562D742B56',
  'result_code' => 'FAIL',
  'err_code' => 'PARAM_ERROR',
  'err_code_des' => 'JSAPI支付必须传openid',
)array (
  'return_code' => 'SUCCESS',
  'return_msg' => 'OK',
  'appid' => 'wx01e8e212c21e5adc',
  'mch_id' => '1463803302',
  'nonce_str' => 'EBCz4wLzZSyA1rdf',
  'sign' => '9809C0EBE9D9CD1F6E95F2A15747765E',
  'result_code' => 'FAIL',
  'err_code' => 'INVALID_REQUEST',
  'err_code_des' => '201 商户订单号重复',
)array (
  'return_code' => 'SUCCESS',
  'return_msg' => 'OK',
  'appid' => 'wx01e8e212c21e5adc',
  'mch_id' => '1463803302',
  'nonce_str' => '3DSAFwGcYYDI9RY4',
  'sign' => '7D31570E0C209C8630C8D1FA0E2690EF',
  'result_code' => 'SUCCESS',
  'prepay_id' => 'wx2017235651829734bed4971f1205916100',
  'trade_type' => 'JSAPI',
)array (
  'return_code' => 'SUCCESS',
  'return_msg' => 'OK',
  'appid' => 'wx01e8e212c21e5adc',
  'mch_id' => '1463803302',
  'nonce_str' => 'esx6aoJpfHTOqrUd',
  'sign' => 'B772E125C50707F62543F58C93118C2C',
  'result_code' => 'SUCCESS',
  'prepay_id' => 'wx2017304848807534bed4971f1774168600',
  'trade_type' => 'JSAPI',
)array (
  'return_code' => 'SUCCESS',
  'return_msg' => 'OK',
  'appid' => 'wx01e8e212c21e5adc',
  'mch_id' => '1463803302',
  'nonce_str' => 'RQ9mTHnHTroRZnjn',
  'sign' => '9BA9ECC96B06EA8A545557B10FC303F2',
  'result_code' => 'SUCCESS',
  'prepay_id' => 'wx2017310276338634bed4971f1156113900',
  'trade_type' => 'JSAPI',
)array (
  'return_code' => 'SUCCESS',
  'return_msg' => 'OK',
  'appid' => 'wx01e8e212c21e5adc',
  'mch_id' => '1463803302',
  'nonce_str' => 'KqZeO8K08i5gJImD',
  'sign' => '5C96EBC9A4322D4A4452AE98F89B63D0',
  'result_code' => 'SUCCESS',
  'prepay_id' => 'wx2017312547671834bed4971f1290328000',
  'trade_type' => 'JSAPI',
)array (
  'return_code' => 'SUCCESS',
  'return_msg' => 'OK',
  'appid' => 'wx01e8e212c21e5adc',
  'mch_id' => '1463803302',
  'nonce_str' => '5fT4GoHGoblgVdJl',
  'sign' => 'CF5172FF5F6F6E1F1ED9FF1245C1E13D',
  'result_code' => 'SUCCESS',
  'prepay_id' => 'wx2017312964101134bed4971f1035851200',
  'trade_type' => 'JSAPI',
)array (
  'return_code' => 'SUCCESS',
  'return_msg' => 'OK',
  'appid' => 'wx01e8e212c21e5adc',
  'mch_id' => '1463803302',
  'nonce_str' => '1PS96pCnSUTUwgyr',
  'sign' => '83FE0274C7A48848D84C81280C5DDAD5',
  'result_code' => 'SUCCESS',
  'prepay_id' => 'wx2017395016727834bed4971f1020724300',
  'trade_type' => 'JSAPI',
)array (
  'return_code' => 'SUCCESS',
  'return_msg' => 'OK',
  'appid' => 'wx01e8e212c21e5adc',
  'mch_id' => '1463803302',
  'nonce_str' => 'dApSW2g9xpvbnDck',
  'sign' => 'BD561D697BFA32E5C37B2F0B9CF7758B',
  'result_code' => 'SUCCESS',
  'prepay_id' => 'wx2017403474451034bed4971f1055254300',
  'trade_type' => 'JSAPI',
)array (
  'return_code' => 'SUCCESS',
  'return_msg' => 'OK',
  'appid' => 'wx01e8e212c21e5adc',
  'mch_id' => '1463803302',
  'nonce_str' => 'BdPIsVlti1qo9jm0',
  'sign' => 'E47B8159232B97D00B01B9DC31F75336',
  'result_code' => 'SUCCESS',
  'prepay_id' => 'wx2017405307304434bed4971f1551187900',
  'trade_type' => 'JSAPI',
)array (
  'return_code' => 'SUCCESS',
  'return_msg' => 'OK',
  'appid' => 'wx01e8e212c21e5adc',
  'mch_id' => '1463803302',
  'nonce_str' => 'vH4m0UzNV1jS5G1G',
  'sign' => '83E033B09CBED5A4474F7860AE7EDF3C',
  'result_code' => 'SUCCESS',
  'prepay_id' => 'wx2017412923458234bed4971f1678900700',
  'trade_type' => 'JSAPI',
)array (
  'return_code' => 'SUCCESS',
  'return_msg' => 'OK',
  'appid' => 'wx01e8e212c21e5adc',
  'mch_id' => '1463803302',
  'nonce_str' => 'G06UAH05xZhf48XK',
  'sign' => '2BADDB0B623344BA9597BF7C2A55CC1E',
  'result_code' => 'SUCCESS',
  'prepay_id' => 'wx2017431560242934bed4971f1147924900',
  'trade_type' => 'JSAPI',
)array (
  'return_code' => 'SUCCESS',
  'return_msg' => 'OK',
  'appid' => 'wx01e8e212c21e5adc',
  'mch_id' => '1463803302',
  'nonce_str' => '2C3WymE6qKCws5Vr',
  'sign' => '929B74EABE48BB4B61D62B875849101E',
  'result_code' => 'SUCCESS',
  'prepay_id' => 'wx2017444263216334bed4971f1824778800',
  'trade_type' => 'JSAPI',
)array (
  'return_code' => 'SUCCESS',
  'return_msg' => 'OK',
  'appid' => 'wx01e8e212c21e5adc',
  'mch_id' => '1463803302',
  'nonce_str' => 'VhfUgICJaQXu8rfT',
  'sign' => 'A629C010A3CFCAAC0A49EB807F1CCB2C',
  'result_code' => 'SUCCESS',
  'prepay_id' => 'wx2017462136646834bed4971f1736428300',
  'trade_type' => 'JSAPI',
)array (
  'return_code' => 'SUCCESS',
  'return_msg' => 'OK',
  'appid' => 'wx01e8e212c21e5adc',
  'mch_id' => '1463803302',
  'nonce_str' => '8aQYWnbVBjlWhYu1',
  'sign' => 'D67F2D8AD3DB76DB36A0F65D728CC80C',
  'result_code' => 'SUCCESS',
  'prepay_id' => 'wx2017470807304034bed4971f1993282400',
  'trade_type' => 'JSAPI',
)array (
  'return_code' => 'SUCCESS',
  'return_msg' => 'OK',
  'appid' => 'wx01e8e212c21e5adc',
  'mch_id' => '1463803302',
  'nonce_str' => 'WWkgS4yePCvbREXK',
  'sign' => 'B533A5D5114CE9510E0966565B901A11',
  'result_code' => 'SUCCESS',
  'prepay_id' => 'wx2017472567012834bed4971f1672347400',
  'trade_type' => 'JSAPI',
)array (
  'return_code' => 'SUCCESS',
  'return_msg' => 'OK',
  'appid' => 'wx01e8e212c21e5adc',
  'mch_id' => '1463803302',
  'nonce_str' => '9ATWE9AAX2RzHzT5',
  'sign' => '782BF942AA8F834C9A04BE3E5E672F65',
  'result_code' => 'SUCCESS',
  'prepay_id' => 'wx2018001323018734bed4971f1102660300',
  'trade_type' => 'JSAPI',
)array (
  'return_code' => 'SUCCESS',
  'return_msg' => 'OK',
  'appid' => 'wx01e8e212c21e5adc',
  'mch_id' => '1463803302',
  'nonce_str' => 'hqTSwyJMgAlpCxP5',
  'sign' => '3665740A95F19A74A9AE4A5862FA4D06',
  'result_code' => 'SUCCESS',
  'prepay_id' => 'wx2018015230794434bed4971f1289333500',
  'trade_type' => 'JSAPI',
)array (
  'return_code' => 'SUCCESS',
  'return_msg' => 'OK',
  'appid' => 'wx01e8e212c21e5adc',
  'mch_id' => '1463803302',
  'nonce_str' => 'ikPeHF8yDuYORwyl',
  'sign' => '86D3A5353CB337C08568613B4C3410C9',
  'result_code' => 'SUCCESS',
  'prepay_id' => 'wx2018224909121334bed4971f1612063800',
  'trade_type' => 'JSAPI',
)array (
  'return_code' => 'SUCCESS',
  'return_msg' => 'OK',
  'appid' => 'wx01e8e212c21e5adc',
  'mch_id' => '1463803302',
  'nonce_str' => 'tTQqKEmNV86jTNPl',
  'sign' => 'D90C9233458B61DA96FAFBF6AF6B9B9D',
  'result_code' => 'SUCCESS',
  'prepay_id' => 'wx2018293937388934bed4971f1981826800',
  'trade_type' => 'JSAPI',
)array (
  'return_code' => 'SUCCESS',
  'return_msg' => 'OK',
  'appid' => 'wx01e8e212c21e5adc',
  'mch_id' => '1463803302',
  'nonce_str' => '6E5fHjBqgnweZcvy',
  'sign' => 'A5CFA6C79F5BD6F17F4CFD8DA102DF20',
  'result_code' => 'SUCCESS',
  'prepay_id' => 'wx2018300420778634bed4971f1267490300',
  'trade_type' => 'JSAPI',
)array (
  'return_code' => 'SUCCESS',
  'return_msg' => 'OK',
  'appid' => 'wx01e8e212c21e5adc',
  'mch_id' => '1463803302',
  'nonce_str' => '8rW75nfHJ40xhX00',
  'sign' => 'FD37D2BB23EBBF4CEFEBC89B15893FF9',
  'result_code' => 'SUCCESS',
  'prepay_id' => 'wx2018314459925834bed4971f1248890400',
  'trade_type' => 'JSAPI',
)array (
  'return_code' => 'SUCCESS',
  'return_msg' => 'OK',
  'appid' => 'wx01e8e212c21e5adc',
  'mch_id' => '1463803302',
  'nonce_str' => '4KMeb3iWCPcMCunP',
  'sign' => '03B409B00EB73086138B0270F1C30435',
  'result_code' => 'SUCCESS',
  'prepay_id' => 'wx2018320406182534bed4971f1450563600',
  'trade_type' => 'JSAPI',
)array (
  'return_code' => 'SUCCESS',
  'return_msg' => 'OK',
  'appid' => 'wx01e8e212c21e5adc',
  'mch_id' => '1463803302',
  'nonce_str' => 'hxkdHKnmIfKTd9KH',
  'sign' => '920F3BF72E373E36C066BB62F743F71F',
  'result_code' => 'SUCCESS',
  'prepay_id' => 'wx2018324191260134bed4971f1316215200',
  'trade_type' => 'JSAPI',
)array (
  'return_code' => 'SUCCESS',
  'return_msg' => 'OK',
  'appid' => 'wx01e8e212c21e5adc',
  'mch_id' => '1463803302',
  'nonce_str' => 'e6GtKLGVCfNhWmSw',
  'sign' => 'C8DEA86CD51E34255209DA0BE1C01333',
  'result_code' => 'SUCCESS',
  'prepay_id' => 'wx2018331706535934bed4971f1625725700',
  'trade_type' => 'JSAPI',
)array (
  'return_code' => 'SUCCESS',
  'return_msg' => 'OK',
  'appid' => 'wx01e8e212c21e5adc',
  'mch_id' => '1463803302',
  'nonce_str' => 'Mfuw4bTvsPbExCLj',
  'sign' => 'D8A608E2677A43308022FD7F17714030',
  'result_code' => 'SUCCESS',
  'prepay_id' => 'wx2018332958088534bed4971f1428745500',
  'trade_type' => 'JSAPI',
)array (
  'return_code' => 'SUCCESS',
  'return_msg' => 'OK',
  'appid' => 'wx01e8e212c21e5adc',
  'mch_id' => '1463803302',
  'nonce_str' => 'i84dZSP6vFYHHN7a',
  'sign' => 'C25B4E7806FC15B698F991DE8A8B9487',
  'result_code' => 'SUCCESS',
  'prepay_id' => 'wx2018335155629634bed4971f1269916300',
  'trade_type' => 'JSAPI',
)array (
  'return_code' => 'SUCCESS',
  'return_msg' => 'OK',
  'appid' => 'wx01e8e212c21e5adc',
  'mch_id' => '1463803302',
  'nonce_str' => 'bOYr4jIwant14CzY',
  'sign' => '284D18FF5AA63F32F9E988AFCC665978',
  'result_code' => 'SUCCESS',
  'prepay_id' => 'wx2018342070910734bed4971f1875603200',
  'trade_type' => 'JSAPI',
)array (
  'return_code' => 'SUCCESS',
  'return_msg' => 'OK',
  'appid' => 'wx01e8e212c21e5adc',
  'mch_id' => '1463803302',
  'nonce_str' => 'xzmcBWPbB4Ec4KqC',
  'sign' => '6B3676B52A6DF1CDD2629A56E344BD42',
  'result_code' => 'SUCCESS',
  'prepay_id' => 'wx2018410771039934bed4971f1196960900',
  'trade_type' => 'JSAPI',
)array (
  'return_code' => 'SUCCESS',
  'return_msg' => 'OK',
  'appid' => 'wx01e8e212c21e5adc',
  'mch_id' => '1463803302',
  'nonce_str' => 'lG3YlwE6Dse4bvyF',
  'sign' => '351E640EF77EEE56B8DD8C90E2B0D973',
  'result_code' => 'SUCCESS',
  'prepay_id' => 'wx2018484408776334bed4971f1562208500',
  'trade_type' => 'JSAPI',
)