array (
  'appid' => 'wxf33465abccab0ff3',
  'attach' => 'goods',
  'bank_type' => 'OTHERS',
  'cash_fee' => '1',
  'fee_type' => 'CNY',
  'is_subscribe' => 'N',
  'mch_id' => '1544216351',
  'nonce_str' => 'F5UbOeEaqnrC2iqwPv8wpeW6NS5WOad2',
  'openid' => 'oA6Ip5-4eXw2RqU88drluIwxDj8c',
  'out_trade_no' => '2020021882273',
  'result_code' => 'SUCCESS',
  'return_code' => 'SUCCESS',
  'sign' => 'B1DAA5D9B9F2DC83768D356D41858C62',
  'time_end' => '20200218122021',
  'total_fee' => '1',
  'trade_type' => 'JSAPI',
  'transaction_id' => '4200000490202002184007560389',
)array (
  'appid' => 'wxf33465abccab0ff3',
  'attach' => 'goods',
  'bank_type' => 'OTHERS',
  'cash_fee' => '1',
  'fee_type' => 'CNY',
  'is_subscribe' => 'N',
  'mch_id' => '1544216351',
  'nonce_str' => 'B4pyd8zy0Jtq7FE3IAQmXmejZSaW28QO',
  'openid' => 'oA6Ip5-4eXw2RqU88drluIwxDj8c',
  'out_trade_no' => '2020021894279',
  'result_code' => 'SUCCESS',
  'return_code' => 'SUCCESS',
  'sign' => '0C61C45B2248F1830FAD1A833BB64DF1',
  'time_end' => '20200218122105',
  'total_fee' => '1',
  'trade_type' => 'JSAPI',
  'transaction_id' => '4200000497202002184409993829',
)array (
  'appid' => 'wxf33465abccab0ff3',
  'attach' => 'goods',
  'bank_type' => 'OTHERS',
  'cash_fee' => '1',
  'fee_type' => 'CNY',
  'is_subscribe' => 'N',
  'mch_id' => '1544216351',
  'nonce_str' => 'F5UbOeEaqnrC2iqwPv8wpeW6NS5WOad2',
  'openid' => 'oA6Ip5-4eXw2RqU88drluIwxDj8c',
  'out_trade_no' => '2020021882273',
  'result_code' => 'SUCCESS',
  'return_code' => 'SUCCESS',
  'sign' => 'B1DAA5D9B9F2DC83768D356D41858C62',
  'time_end' => '20200218122021',
  'total_fee' => '1',
  'trade_type' => 'JSAPI',
  'transaction_id' => '4200000490202002184007560389',
)array (
  'appid' => 'wxf33465abccab0ff3',
  'attach' => 'goods',
  'bank_type' => 'OTHERS',
  'cash_fee' => '1',
  'fee_type' => 'CNY',
  'is_subscribe' => 'N',
  'mch_id' => '1544216351',
  'nonce_str' => 'B4pyd8zy0Jtq7FE3IAQmXmejZSaW28QO',
  'openid' => 'oA6Ip5-4eXw2RqU88drluIwxDj8c',
  'out_trade_no' => '2020021894279',
  'result_code' => 'SUCCESS',
  'return_code' => 'SUCCESS',
  'sign' => '0C61C45B2248F1830FAD1A833BB64DF1',
  'time_end' => '20200218122105',
  'total_fee' => '1',
  'trade_type' => 'JSAPI',
  'transaction_id' => '4200000497202002184409993829',
)array (
  'appid' => 'wxf33465abccab0ff3',
  'attach' => 'goods',
  'bank_type' => 'OTHERS',
  'cash_fee' => '1',
  'fee_type' => 'CNY',
  'is_subscribe' => 'N',
  'mch_id' => '1544216351',
  'nonce_str' => 'F5UbOeEaqnrC2iqwPv8wpeW6NS5WOad2',
  'openid' => 'oA6Ip5-4eXw2RqU88drluIwxDj8c',
  'out_trade_no' => '2020021882273',
  'result_code' => 'SUCCESS',
  'return_code' => 'SUCCESS',
  'sign' => 'B1DAA5D9B9F2DC83768D356D41858C62',
  'time_end' => '20200218122021',
  'total_fee' => '1',
  'trade_type' => 'JSAPI',
  'transaction_id' => '4200000490202002184007560389',
)array (
  'appid' => 'wxf33465abccab0ff3',
  'attach' => 'goods',
  'bank_type' => 'OTHERS',
  'cash_fee' => '1',
  'fee_type' => 'CNY',
  'is_subscribe' => 'N',
  'mch_id' => '1544216351',
  'nonce_str' => 'B4pyd8zy0Jtq7FE3IAQmXmejZSaW28QO',
  'openid' => 'oA6Ip5-4eXw2RqU88drluIwxDj8c',
  'out_trade_no' => '2020021894279',
  'result_code' => 'SUCCESS',
  'return_code' => 'SUCCESS',
  'sign' => '0C61C45B2248F1830FAD1A833BB64DF1',
  'time_end' => '20200218122105',
  'total_fee' => '1',
  'trade_type' => 'JSAPI',
  'transaction_id' => '4200000497202002184409993829',
)array (
  'appid' => 'wxf33465abccab0ff3',
  'attach' => 'goods',
  'bank_type' => 'OTHERS',
  'cash_fee' => '1',
  'fee_type' => 'CNY',
  'is_subscribe' => 'N',
  'mch_id' => '1544216351',
  'nonce_str' => 'F5UbOeEaqnrC2iqwPv8wpeW6NS5WOad2',
  'openid' => 'oA6Ip5-4eXw2RqU88drluIwxDj8c',
  'out_trade_no' => '2020021882273',
  'result_code' => 'SUCCESS',
  'return_code' => 'SUCCESS',
  'sign' => 'B1DAA5D9B9F2DC83768D356D41858C62',
  'time_end' => '20200218122021',
  'total_fee' => '1',
  'trade_type' => 'JSAPI',
  'transaction_id' => '4200000490202002184007560389',
)array (
  'appid' => 'wxf33465abccab0ff3',
  'attach' => 'goods',
  'bank_type' => 'OTHERS',
  'cash_fee' => '1',
  'fee_type' => 'CNY',
  'is_subscribe' => 'N',
  'mch_id' => '1544216351',
  'nonce_str' => 'B4pyd8zy0Jtq7FE3IAQmXmejZSaW28QO',
  'openid' => 'oA6Ip5-4eXw2RqU88drluIwxDj8c',
  'out_trade_no' => '2020021894279',
  'result_code' => 'SUCCESS',
  'return_code' => 'SUCCESS',
  'sign' => '0C61C45B2248F1830FAD1A833BB64DF1',
  'time_end' => '20200218122105',
  'total_fee' => '1',
  'trade_type' => 'JSAPI',
  'transaction_id' => '4200000497202002184409993829',
)array (
  'appid' => 'wxf33465abccab0ff3',
  'attach' => 'goods',
  'bank_type' => 'OTHERS',
  'cash_fee' => '1',
  'fee_type' => 'CNY',
  'is_subscribe' => 'N',
  'mch_id' => '1544216351',
  'nonce_str' => 'F5UbOeEaqnrC2iqwPv8wpeW6NS5WOad2',
  'openid' => 'oA6Ip5-4eXw2RqU88drluIwxDj8c',
  'out_trade_no' => '2020021882273',
  'result_code' => 'SUCCESS',
  'return_code' => 'SUCCESS',
  'sign' => 'B1DAA5D9B9F2DC83768D356D41858C62',
  'time_end' => '20200218122021',
  'total_fee' => '1',
  'trade_type' => 'JSAPI',
  'transaction_id' => '4200000490202002184007560389',
)array (
  'appid' => 'wxf33465abccab0ff3',
  'attach' => 'goods',
  'bank_type' => 'OTHERS',
  'cash_fee' => '1',
  'fee_type' => 'CNY',
  'is_subscribe' => 'N',
  'mch_id' => '1544216351',
  'nonce_str' => 'B4pyd8zy0Jtq7FE3IAQmXmejZSaW28QO',
  'openid' => 'oA6Ip5-4eXw2RqU88drluIwxDj8c',
  'out_trade_no' => '2020021894279',
  'result_code' => 'SUCCESS',
  'return_code' => 'SUCCESS',
  'sign' => '0C61C45B2248F1830FAD1A833BB64DF1',
  'time_end' => '20200218122105',
  'total_fee' => '1',
  'trade_type' => 'JSAPI',
  'transaction_id' => '4200000497202002184409993829',
)array (
  'appid' => 'wxf33465abccab0ff3',
  'attach' => 'goods',
  'bank_type' => 'OTHERS',
  'cash_fee' => '1',
  'fee_type' => 'CNY',
  'is_subscribe' => 'N',
  'mch_id' => '1544216351',
  'nonce_str' => 'F5UbOeEaqnrC2iqwPv8wpeW6NS5WOad2',
  'openid' => 'oA6Ip5-4eXw2RqU88drluIwxDj8c',
  'out_trade_no' => '2020021882273',
  'result_code' => 'SUCCESS',
  'return_code' => 'SUCCESS',
  'sign' => 'B1DAA5D9B9F2DC83768D356D41858C62',
  'time_end' => '20200218122021',
  'total_fee' => '1',
  'trade_type' => 'JSAPI',
  'transaction_id' => '4200000490202002184007560389',
)array (
  'appid' => 'wxf33465abccab0ff3',
  'attach' => 'goods',
  'bank_type' => 'OTHERS',
  'cash_fee' => '1',
  'fee_type' => 'CNY',
  'is_subscribe' => 'N',
  'mch_id' => '1544216351',
  'nonce_str' => 'B4pyd8zy0Jtq7FE3IAQmXmejZSaW28QO',
  'openid' => 'oA6Ip5-4eXw2RqU88drluIwxDj8c',
  'out_trade_no' => '2020021894279',
  'result_code' => 'SUCCESS',
  'return_code' => 'SUCCESS',
  'sign' => '0C61C45B2248F1830FAD1A833BB64DF1',
  'time_end' => '20200218122105',
  'total_fee' => '1',
  'trade_type' => 'JSAPI',
  'transaction_id' => '4200000497202002184409993829',
)array (
  'appid' => 'wxf33465abccab0ff3',
  'attach' => 'goods',
  'bank_type' => 'OTHERS',
  'cash_fee' => '1',
  'fee_type' => 'CNY',
  'is_subscribe' => 'N',
  'mch_id' => '1544216351',
  'nonce_str' => 'F5UbOeEaqnrC2iqwPv8wpeW6NS5WOad2',
  'openid' => 'oA6Ip5-4eXw2RqU88drluIwxDj8c',
  'out_trade_no' => '2020021882273',
  'result_code' => 'SUCCESS',
  'return_code' => 'SUCCESS',
  'sign' => 'B1DAA5D9B9F2DC83768D356D41858C62',
  'time_end' => '20200218122021',
  'total_fee' => '1',
  'trade_type' => 'JSAPI',
  'transaction_id' => '4200000490202002184007560389',
)array (
  'appid' => 'wxf33465abccab0ff3',
  'attach' => 'goods',
  'bank_type' => 'OTHERS',
  'cash_fee' => '1',
  'fee_type' => 'CNY',
  'is_subscribe' => 'N',
  'mch_id' => '1544216351',
  'nonce_str' => 'B4pyd8zy0Jtq7FE3IAQmXmejZSaW28QO',
  'openid' => 'oA6Ip5-4eXw2RqU88drluIwxDj8c',
  'out_trade_no' => '2020021894279',
  'result_code' => 'SUCCESS',
  'return_code' => 'SUCCESS',
  'sign' => '0C61C45B2248F1830FAD1A833BB64DF1',
  'time_end' => '20200218122105',
  'total_fee' => '1',
  'trade_type' => 'JSAPI',
  'transaction_id' => '4200000497202002184409993829',
)array (
  'appid' => 'wxf33465abccab0ff3',
  'attach' => 'goods',
  'bank_type' => 'OTHERS',
  'cash_fee' => '1',
  'fee_type' => 'CNY',
  'is_subscribe' => 'N',
  'mch_id' => '1544216351',
  'nonce_str' => 'F5UbOeEaqnrC2iqwPv8wpeW6NS5WOad2',
  'openid' => 'oA6Ip5-4eXw2RqU88drluIwxDj8c',
  'out_trade_no' => '2020021882273',
  'result_code' => 'SUCCESS',
  'return_code' => 'SUCCESS',
  'sign' => 'B1DAA5D9B9F2DC83768D356D41858C62',
  'time_end' => '20200218122021',
  'total_fee' => '1',
  'trade_type' => 'JSAPI',
  'transaction_id' => '4200000490202002184007560389',
)array (
  'appid' => 'wxf33465abccab0ff3',
  'attach' => 'goods',
  'bank_type' => 'OTHERS',
  'cash_fee' => '1',
  'fee_type' => 'CNY',
  'is_subscribe' => 'N',
  'mch_id' => '1544216351',
  'nonce_str' => 'B4pyd8zy0Jtq7FE3IAQmXmejZSaW28QO',
  'openid' => 'oA6Ip5-4eXw2RqU88drluIwxDj8c',
  'out_trade_no' => '2020021894279',
  'result_code' => 'SUCCESS',
  'return_code' => 'SUCCESS',
  'sign' => '0C61C45B2248F1830FAD1A833BB64DF1',
  'time_end' => '20200218122105',
  'total_fee' => '1',
  'trade_type' => 'JSAPI',
  'transaction_id' => '4200000497202002184409993829',
)array (
  'appid' => 'wxf33465abccab0ff3',
  'attach' => 'goods',
  'bank_type' => 'OTHERS',
  'cash_fee' => '1',
  'fee_type' => 'CNY',
  'is_subscribe' => 'N',
  'mch_id' => '1544216351',
  'nonce_str' => 'F5UbOeEaqnrC2iqwPv8wpeW6NS5WOad2',
  'openid' => 'oA6Ip5-4eXw2RqU88drluIwxDj8c',
  'out_trade_no' => '2020021882273',
  'result_code' => 'SUCCESS',
  'return_code' => 'SUCCESS',
  'sign' => 'B1DAA5D9B9F2DC83768D356D41858C62',
  'time_end' => '20200218122021',
  'total_fee' => '1',
  'trade_type' => 'JSAPI',
  'transaction_id' => '4200000490202002184007560389',
)array (
  'appid' => 'wxf33465abccab0ff3',
  'attach' => 'goods',
  'bank_type' => 'OTHERS',
  'cash_fee' => '1',
  'fee_type' => 'CNY',
  'is_subscribe' => 'N',
  'mch_id' => '1544216351',
  'nonce_str' => 'B4pyd8zy0Jtq7FE3IAQmXmejZSaW28QO',
  'openid' => 'oA6Ip5-4eXw2RqU88drluIwxDj8c',
  'out_trade_no' => '2020021894279',
  'result_code' => 'SUCCESS',
  'return_code' => 'SUCCESS',
  'sign' => '0C61C45B2248F1830FAD1A833BB64DF1',
  'time_end' => '20200218122105',
  'total_fee' => '1',
  'trade_type' => 'JSAPI',
  'transaction_id' => '4200000497202002184409993829',
)array (
  'appid' => 'wxf33465abccab0ff3',
  'attach' => 'goods',
  'bank_type' => 'OTHERS',
  'cash_fee' => '1',
  'fee_type' => 'CNY',
  'is_subscribe' => 'N',
  'mch_id' => '1544216351',
  'nonce_str' => 'F5UbOeEaqnrC2iqwPv8wpeW6NS5WOad2',
  'openid' => 'oA6Ip5-4eXw2RqU88drluIwxDj8c',
  'out_trade_no' => '2020021882273',
  'result_code' => 'SUCCESS',
  'return_code' => 'SUCCESS',
  'sign' => 'B1DAA5D9B9F2DC83768D356D41858C62',
  'time_end' => '20200218122021',
  'total_fee' => '1',
  'trade_type' => 'JSAPI',
  'transaction_id' => '4200000490202002184007560389',
)array (
  'appid' => 'wxf33465abccab0ff3',
  'attach' => 'goods',
  'bank_type' => 'OTHERS',
  'cash_fee' => '1',
  'fee_type' => 'CNY',
  'is_subscribe' => 'N',
  'mch_id' => '1544216351',
  'nonce_str' => 'B4pyd8zy0Jtq7FE3IAQmXmejZSaW28QO',
  'openid' => 'oA6Ip5-4eXw2RqU88drluIwxDj8c',
  'out_trade_no' => '2020021894279',
  'result_code' => 'SUCCESS',
  'return_code' => 'SUCCESS',
  'sign' => '0C61C45B2248F1830FAD1A833BB64DF1',
  'time_end' => '20200218122105',
  'total_fee' => '1',
  'trade_type' => 'JSAPI',
  'transaction_id' => '4200000497202002184409993829',
)array (
  'appid' => 'wxf33465abccab0ff3',
  'attach' => 'goods',
  'bank_type' => 'OTHERS',
  'cash_fee' => '1',
  'fee_type' => 'CNY',
  'is_subscribe' => 'N',
  'mch_id' => '1544216351',
  'nonce_str' => 'F5UbOeEaqnrC2iqwPv8wpeW6NS5WOad2',
  'openid' => 'oA6Ip5-4eXw2RqU88drluIwxDj8c',
  'out_trade_no' => '2020021882273',
  'result_code' => 'SUCCESS',
  'return_code' => 'SUCCESS',
  'sign' => 'B1DAA5D9B9F2DC83768D356D41858C62',
  'time_end' => '20200218122021',
  'total_fee' => '1',
  'trade_type' => 'JSAPI',
  'transaction_id' => '4200000490202002184007560389',
)array (
  'appid' => 'wxf33465abccab0ff3',
  'attach' => 'goods',
  'bank_type' => 'OTHERS',
  'cash_fee' => '1',
  'fee_type' => 'CNY',
  'is_subscribe' => 'N',
  'mch_id' => '1544216351',
  'nonce_str' => 'B4pyd8zy0Jtq7FE3IAQmXmejZSaW28QO',
  'openid' => 'oA6Ip5-4eXw2RqU88drluIwxDj8c',
  'out_trade_no' => '2020021894279',
  'result_code' => 'SUCCESS',
  'return_code' => 'SUCCESS',
  'sign' => '0C61C45B2248F1830FAD1A833BB64DF1',
  'time_end' => '20200218122105',
  'total_fee' => '1',
  'trade_type' => 'JSAPI',
  'transaction_id' => '4200000497202002184409993829',
)