2020-02-12 15:56:14|SQL|[#1 - 0.45ms - SQL]E:\WWW\gugong\source\phalapi\src\app\Api\User.php(496):    App\Model\User::logo_other()    ecs_users    select value from ecs_shop_config where code = 'shop_other';|{"request":{"service":"App.User.logo","app_key":"wolf100000001","format":"JSON","api_version":"2.0","timestamp":"2020-02-12 15:56:14","req_source":"app","sign":"565279E5A3AA3062C5EE09533E93C058","platform":"H5"}}
2020-02-12 15:56:22|SQL|[#1 - 0.47ms - SQL]E:\WWW\gugong\source\phalapi\src\app\Api\User.php(496):    App\Model\User::logo_other()    ecs_users    select value from ecs_shop_config where code = 'shop_other';|{"request":{"service":"App.User.logo","app_key":"wolf100000001","format":"JSON","api_version":"2.0","timestamp":"2020-02-12 15:56:22","req_source":"app","sign":"CFA127B675EFA0D6AB7FA3F9ECEEEF77","platform":"H5"}}
2020-02-12 15:57:27|SQL|[#1 - 0.69ms - SQL]E:\WWW\gugong\source\phalapi\src\app\Api\User.php(496):    App\Model\User::logo_other()    ecs_users    select value from ecs_shop_config where code = 'shop_other';|{"request":{"service":"App.User.logo","app_key":"wolf100000001","format":"JSON","api_version":"2.0","timestamp":"2020-02-12 15:57:27","req_source":"app","sign":"199754F7298CED19C06E5E96C2FC4347","platform":"H5"}}
2020-02-12 15:57:33|SQL|[#1 - 0.4ms - SQL]E:\WWW\gugong\source\phalapi\src\app\Api\User.php(496):    App\Model\User::logo_other()    ecs_users    select value from ecs_shop_config where code = 'shop_other';|{"request":{"service":"App.User.logo","app_key":"wolf100000001","format":"JSON","api_version":"2.0","timestamp":"2020-02-12 15:57:33","req_source":"app","sign":"EE4A503520D216A4A869DD43E83AFE91","platform":"H5"}}
2020-02-12 16:04:06|SQL|[#1 - 0.27ms - SQL]E:\WWW\gugong\source\phalapi\src\app\Api\User.php(496):    App\Model\User::logo_other()    ecs_users    select value from ecs_shop_config where code = 'shop_other';|{"request":{"service":"App.User.logo","app_key":"wolf100000001","format":"JSON","api_version":"2.0","timestamp":"2020-02-12 16:04:06","req_source":"app","sign":"17DE77733911D0B89D6BD11CE3C801C0","platform":"H5"}}
2020-02-12 16:04:08|SQL|[#1 - 0.28ms - SQL]E:\WWW\gugong\source\phalapi\src\app\Api\User.php(496):    App\Model\User::logo_other()    ecs_users    select value from ecs_shop_config where code = 'shop_other';|{"request":{"service":"App.User.logo","app_key":"wolf100000001","format":"JSON","api_version":"2.0","timestamp":"2020-02-12 16:04:08","req_source":"app","sign":"35C4D6B812CE6E46361E84D81E83ED38","platform":"H5"}}
2020-02-12 16:07:21|SQL|[#1 - 0.29ms - SQL]E:\WWW\gugong\source\phalapi\src\app\Api\User.php(496):    App\Model\User::logo_other()    ecs_users    select value from ecs_shop_config where code = 'shop_other';|{"request":{"service":"App.User.logo","app_key":"wolf100000001","format":"JSON","api_version":"2.0","timestamp":"2020-02-12 16:07:21","req_source":"app","sign":"587FF02E31BC6B1CC1ACF260189CADA0","platform":"H5"}}
2020-02-12 16:11:54|SQL|[#1 - 0.29ms - SQL]E:\WWW\gugong\source\phalapi\src\app\Api\User.php(496):    App\Model\User::logo_other()    ecs_users    select value from ecs_shop_config where code = 'shop_other';|{"request":{"service":"App.User.logo","app_key":"wolf100000001","format":"JSON","api_version":"2.0","timestamp":"2020-02-12 16:11:54","req_source":"app","sign":"884101F9F42971C8F933872EF6A18E59","platform":"H5"}}
2020-02-12 16:11:59|SQL|[#1 - 0.34ms - SQL]E:\WWW\gugong\source\phalapi\src\app\Api\User.php(496):    App\Model\User::logo_other()    ecs_users    select value from ecs_shop_config where code = 'shop_other';|{"request":{"service":"App.User.logo","app_key":"wolf100000001","format":"JSON","api_version":"2.0","timestamp":"2020-02-12 16:11:59","req_source":"app","sign":"B8375D39572638EA26A94EB557B76B71","platform":"H5"}}
2020-02-12 16:43:04|SQL|[#1 - 0.39ms - SQL]E:\WWW\gugong\source\phalapi\src\app\Api\User.php(496):    App\Model\User::logo_other()    ecs_users    select value from ecs_shop_config where code = 'shop_other';|{"request":{"service":"App.User.logo","app_key":"wolf100000001","format":"JSON","api_version":"2.0","timestamp":"2020-02-12 16:43:04","req_source":"app","sign":"D222D8C564466E13E9628AAF6A63FE1A","platform":"H5"}}
2020-02-12 16:43:39|SQL|[#1 - 0.53ms - SQL]E:\WWW\gugong\source\phalapi\src\app\Api\User.php(496):    App\Model\User::logo_other()    ecs_users    select value from ecs_shop_config where code = 'shop_other';|{"request":{"service":"App.User.logo","app_key":"wolf100000001","format":"JSON","api_version":"2.0","timestamp":"2020-02-12 16:43:39","req_source":"app","sign":"66F3100E64D4FA4925A9795E52CB64AC","platform":"H5"}}
2020-02-12 16:45:15|SQL|[#1 - 0.28ms - SQL]E:\WWW\gugong\source\phalapi\src\app\Api\User.php(496):    App\Model\User::logo_other()    ecs_users    select value from ecs_shop_config where code = 'shop_other';|{"request":{"service":"App.User.logo","app_key":"wolf100000001","format":"JSON","api_version":"2.0","timestamp":"2020-02-12 16:45:15","req_source":"app","sign":"E4602E8BE611E421EC63F6D06B6BB704","platform":"H5"}}
2020-02-12 16:45:19|SQL|[#1 - 0.46ms - SQL]E:\WWW\gugong\source\phalapi\src\app\Api\User.php(496):    App\Model\User::logo_other()    ecs_users    select value from ecs_shop_config where code = 'shop_other';|{"request":{"service":"App.User.logo","app_key":"wolf100000001","format":"JSON","api_version":"2.0","timestamp":"2020-02-12 16:45:19","req_source":"app","sign":"06A4311FB5CF9C314428A0B313A12D1D","platform":"H5"}}
2020-02-12 16:46:20|SQL|[#1 - 0.32ms - SQL]E:\WWW\gugong\source\phalapi\src\app\Api\User.php(496):    App\Model\User::logo_other()    ecs_users    select value from ecs_shop_config where code = 'shop_other';|{"request":{"service":"App.User.logo","app_key":"wolf100000001","format":"JSON","api_version":"2.0","timestamp":"2020-02-12 16:46:20","req_source":"app","sign":"F74B885F18380931905924D310AAECB5","platform":"H5"}}
2020-02-12 16:46:42|SQL|[#1 - 0.75ms - SQL]E:\WWW\gugong\source\phalapi\src\app\Api\User.php(496):    App\Model\User::logo_other()    ecs_users    select value from ecs_shop_config where code = 'shop_other';|{"request":{"service":"App.User.logo","app_key":"wolf100000001","format":"JSON","api_version":"2.0","timestamp":"2020-02-12 16:46:42","req_source":"app","sign":"FDF05F0368955A93A6984B5C5C090919","platform":"H5"}}
2020-02-12 16:46:50|SQL|[#1 - 0.47ms - SQL]E:\WWW\gugong\source\phalapi\src\app\Api\User.php(496):    App\Model\User::logo_other()    ecs_users    select value from ecs_shop_config where code = 'shop_other';|{"request":{"service":"App.User.logo","app_key":"wolf100000001","format":"JSON","api_version":"2.0","timestamp":"2020-02-12 16:46:50","req_source":"app","sign":"5DBFBDB157C88970751652B521DBAE14","platform":"H5"}}
2020-02-12 16:47:04|SQL|[#1 - 0.27ms - SQL]E:\WWW\gugong\source\phalapi\src\app\Api\User.php(496):    App\Model\User::logo_other()    ecs_users    select value from ecs_shop_config where code = 'shop_other';|{"request":{"service":"App.User.logo","app_key":"wolf100000001","format":"JSON","api_version":"2.0","timestamp":"2020-02-12 16:47:03","req_source":"app","sign":"4A9BA61FCC9B1C33AC2A2650A58D7537","platform":"H5"}}
2020-02-12 16:47:43|SQL|[#1 - 0.86ms - SQL]E:\WWW\gugong\source\phalapi\src\app\Lib\Ad.php(13):    App\Model\Ad::getBanner()    ecs_ad    SELECT * FROM `ecs_banner` ORDER BY id asc limit 5;|{"request":{"service":"App.Index.indexListApi","app_key":"wolf100000001","format":"JSON","api_version":"2.0","timestamp":"2020-02-12 16:47:43","req_source":"app","sign":"B0134ADBF8739FC46BE484ECEC2F409B","platform":"MP-WEIXIN"}}
2020-02-12 16:47:43|ERROR|App.Index.indexListApi|exception 'PDOException' with message 'Table 'gugong.ecs_banner' doesn't exist' in E:\WWW\gugong\source\phalapi\vendor\phalapi\notorm\src\NotORM\Result.php:280
Stack trace:
#0 E:\WWW\gugong\source\phalapi\vendor\phalapi\notorm\src\NotORM\Result.php(1039): NotORM_Result->query('SELECT * FROM `...', Array)
#1 E:\WWW\gugong\source\phalapi\src\app\Model\Ad.php(13): NotORM_Result->queryRows('SELECT * FROM `...')
#2 E:\WWW\gugong\source\phalapi\src\app\Lib\Ad.php(13): App\Model\Ad->getBanner()
#3 E:\WWW\gugong\source\phalapi\src\app\Api\Index.php(41): App\Lib\Ad->getBannerList()
#4 [internal function]: App\Api\Index->indexListApi()
#5 E:\WWW\gugong\source\phalapi\vendor\phalapi\kernal\src\PhalApi.php(53): call_user_func(Array)
#6 E:\WWW\gugong\source\phalapi\public\index.php(13): PhalApi\PhalApi->response()
#7 {main}
2020-02-12 16:48:07|SQL|[#1 - 0.59ms - SQL]E:\WWW\gugong\source\phalapi\src\app\Api\User.php(496):    App\Model\User::logo_other()    ecs_users    select value from ecs_shop_config where code = 'shop_other';|{"request":{"service":"App.User.logo","app_key":"wolf100000001","format":"JSON","api_version":"2.0","timestamp":"2020-02-12 16:48:07","req_source":"app","sign":"489EA9DAD7EBBF35816445A3F48C528D","platform":"MP-WEIXIN"}}
2020-02-12 16:48:09|SQL|[#1 - 0.64ms - SQL]E:\WWW\gugong\source\phalapi\src\app\Api\User.php(496):    App\Model\User::logo_other()    ecs_users    select value from ecs_shop_config where code = 'shop_other';|{"request":{"service":"App.User.logo","app_key":"wolf100000001","format":"JSON","api_version":"2.0","timestamp":"2020-02-12 16:48:09","req_source":"app","sign":"1D5F1B03E4DFC725221D5528D8A01557","platform":"MP-WEIXIN"}}
2020-02-12 16:49:33|SQL|[#1 - 0.51ms - SQL]E:\WWW\gugong\source\phalapi\src\app\Lib\Ad.php(13):    App\Model\Ad::getBanner()    ecs_ad    SELECT * FROM `ecs_banner` ORDER BY id asc limit 5;|{"request":{"service":"App.Index.indexListApi","app_key":"wolf100000001","format":"JSON","api_version":"2.0","timestamp":"2020-02-12 16:49:33","req_source":"app","sign":"3EDA400198B2F447DB4D30793586C6D3","platform":"H5"}}
2020-02-12 16:49:33|ERROR|App.Index.indexListApi|exception 'PDOException' with message 'Table 'gugong.ecs_banner' doesn't exist' in E:\WWW\gugong\source\phalapi\vendor\phalapi\notorm\src\NotORM\Result.php:280
Stack trace:
#0 E:\WWW\gugong\source\phalapi\vendor\phalapi\notorm\src\NotORM\Result.php(1039): NotORM_Result->query('SELECT * FROM `...', Array)
#1 E:\WWW\gugong\source\phalapi\src\app\Model\Ad.php(13): NotORM_Result->queryRows('SELECT * FROM `...')
#2 E:\WWW\gugong\source\phalapi\src\app\Lib\Ad.php(13): App\Model\Ad->getBanner()
#3 E:\WWW\gugong\source\phalapi\src\app\Api\Index.php(41): App\Lib\Ad->getBannerList()
#4 [internal function]: App\Api\Index->indexListApi()
#5 E:\WWW\gugong\source\phalapi\vendor\phalapi\kernal\src\PhalApi.php(53): call_user_func(Array)
#6 E:\WWW\gugong\source\phalapi\public\index.php(13): PhalApi\PhalApi->response()
#7 {main}
2020-02-12 16:49:36|SQL|[#1 - 0.32ms - SQL]E:\WWW\gugong\source\phalapi\src\app\Api\User.php(496):    App\Model\User::logo_other()    ecs_users    select value from ecs_shop_config where code = 'shop_other';|{"request":{"service":"App.User.logo","app_key":"wolf100000001","format":"JSON","api_version":"2.0","timestamp":"2020-02-12 16:49:36","req_source":"app","sign":"A3856F1D7BE45B132658763E150757F9","platform":"H5"}}
2020-02-12 16:49:37|SQL|[#1 - 0.29ms - SQL]E:\WWW\gugong\source\phalapi\src\app\Api\User.php(496):    App\Model\User::logo_other()    ecs_users    select value from ecs_shop_config where code = 'shop_other';|{"request":{"service":"App.User.logo","app_key":"wolf100000001","format":"JSON","api_version":"2.0","timestamp":"2020-02-12 16:49:37","req_source":"app","sign":"BD91CD895B045745C65B18E42048B502","platform":"H5"}}
2020-02-12 18:06:29|SQL|[#1 - 0.31ms - SQL]E:\WWW\gugong\source\phalapi\src\app\Api\User.php(496):    App\Model\User::logo_other()    ecs_users    select value from ecs_shop_config where code = 'shop_other';|{"request":{"service":"App.User.logo","app_key":"wolf100000001","format":"JSON","api_version":"2.0","timestamp":"2020-02-12 18:06:29","req_source":"app","sign":"F66D1BC46A8AEFAFB235F885E219CF65","platform":"H5"}}
2020-02-12 18:07:09|SQL|[#1 - 0.26ms - SQL]E:\WWW\gugong\source\phalapi\src\app\Api\User.php(496):    App\Model\User::logo_other()    ecs_users    select value from ecs_shop_config where code = 'shop_other';|{"request":{"service":"App.User.logo","app_key":"wolf100000001","format":"JSON","api_version":"2.0","timestamp":"2020-02-12 18:07:09","req_source":"app","sign":"BC921B6C1DF38F8844FA4806BB5064EA","platform":"H5"}}
2020-02-12 18:07:15|SQL|[#1 - 0.36ms - SQL]E:\WWW\gugong\source\phalapi\src\app\Api\User.php(496):    App\Model\User::logo_other()    ecs_users    select value from ecs_shop_config where code = 'shop_other';|{"request":{"service":"App.User.logo","app_key":"wolf100000001","format":"JSON","api_version":"2.0","timestamp":"2020-02-12 18:07:15","req_source":"app","sign":"3490127744FD56838D3F7F0D012AC823","platform":"H5"}}
2020-02-12 18:07:23|SQL|[#1 - 0.25ms - SQL]E:\WWW\gugong\source\phalapi\src\app\Api\User.php(496):    App\Model\User::logo_other()    ecs_users    select value from ecs_shop_config where code = 'shop_other';|{"request":{"service":"App.User.logo","app_key":"wolf100000001","format":"JSON","api_version":"2.0","timestamp":"2020-02-12 18:07:23","req_source":"app","sign":"C1648BA6BA89660C9D2A1AA1C52E4387","platform":"H5"}}
2020-02-12 22:20:46|SQL|[#1 - 1.21ms - SQL]E:\WWW\gugong\source\phalapi\src\app\Lib\Ad.php(13):    App\Model\Ad::getBanner()    ecs_ad    SELECT * FROM `ecs_banner` ORDER BY id asc limit 5;|{"request":{"service":"App.Index.indexListApi","app_key":"wolf100000001","format":"JSON","api_version":"2.0","timestamp":"2020-02-12 22:20:46","req_source":"app","sign":"1A5B070472D5B4F0478FFFE1A4A2BD75","platform":"H5"}}
2020-02-12 22:20:46|ERROR|App.Index.indexListApi|exception 'PDOException' with message 'Table 'gugong.ecs_banner' doesn't exist' in E:\WWW\gugong\source\phalapi\vendor\phalapi\notorm\src\NotORM\Result.php:280
Stack trace:
#0 E:\WWW\gugong\source\phalapi\vendor\phalapi\notorm\src\NotORM\Result.php(1039): NotORM_Result->query('SELECT * FROM `...', Array)
#1 E:\WWW\gugong\source\phalapi\src\app\Model\Ad.php(13): NotORM_Result->queryRows('SELECT * FROM `...')
#2 E:\WWW\gugong\source\phalapi\src\app\Lib\Ad.php(13): App\Model\Ad->getBanner()
#3 E:\WWW\gugong\source\phalapi\src\app\Api\Index.php(41): App\Lib\Ad->getBannerList()
#4 [internal function]: App\Api\Index->indexListApi()
#5 E:\WWW\gugong\source\phalapi\vendor\phalapi\kernal\src\PhalApi.php(53): call_user_func(Array)
#6 E:\WWW\gugong\source\phalapi\public\index.php(13): PhalApi\PhalApi->response()
#7 {main}
2020-02-12 22:20:52|SQL|[#1 - 0.39ms - SQL]E:\WWW\gugong\source\phalapi\src\app\Lib\Ad.php(13):    App\Model\Ad::getBanner()    ecs_ad    SELECT * FROM `ecs_banner` ORDER BY id asc limit 5;|{"request":{"service":"App.Index.indexListApi","app_key":"wolf100000001","format":"JSON","api_version":"2.0","timestamp":"2020-02-12 22:20:51","req_source":"app","sign":"ED274273FAF04EDE7D8C12BB110501A0","platform":"H5"}}
2020-02-12 22:20:52|ERROR|App.Index.indexListApi|exception 'PDOException' with message 'Table 'gugong.ecs_banner' doesn't exist' in E:\WWW\gugong\source\phalapi\vendor\phalapi\notorm\src\NotORM\Result.php:280
Stack trace:
#0 E:\WWW\gugong\source\phalapi\vendor\phalapi\notorm\src\NotORM\Result.php(1039): NotORM_Result->query('SELECT * FROM `...', Array)
#1 E:\WWW\gugong\source\phalapi\src\app\Model\Ad.php(13): NotORM_Result->queryRows('SELECT * FROM `...')
#2 E:\WWW\gugong\source\phalapi\src\app\Lib\Ad.php(13): App\Model\Ad->getBanner()
#3 E:\WWW\gugong\source\phalapi\src\app\Api\Index.php(41): App\Lib\Ad->getBannerList()
#4 [internal function]: App\Api\Index->indexListApi()
#5 E:\WWW\gugong\source\phalapi\vendor\phalapi\kernal\src\PhalApi.php(53): call_user_func(Array)
#6 E:\WWW\gugong\source\phalapi\public\index.php(13): PhalApi\PhalApi->response()
#7 {main}
2020-02-12 22:21:01|SQL|[#1 - 0.47ms - SQL]E:\WWW\gugong\source\phalapi\src\app\Lib\Ad.php(13):    App\Model\Ad::getBanner()    ecs_ad    SELECT * FROM `ecs_banner` ORDER BY id asc limit 5;|{"request":{"service":"App.Index.indexListApi","app_key":"wolf100000001","format":"JSON","api_version":"2.0","timestamp":"2020-02-12 22:21:01","req_source":"app","sign":"AF574FD20480546BBF45BFD146679BF3","platform":"H5"}}
2020-02-12 22:21:01|ERROR|App.Index.indexListApi|exception 'PDOException' with message 'Table 'gugong.ecs_banner' doesn't exist' in E:\WWW\gugong\source\phalapi\vendor\phalapi\notorm\src\NotORM\Result.php:280
Stack trace:
#0 E:\WWW\gugong\source\phalapi\vendor\phalapi\notorm\src\NotORM\Result.php(1039): NotORM_Result->query('SELECT * FROM `...', Array)
#1 E:\WWW\gugong\source\phalapi\src\app\Model\Ad.php(13): NotORM_Result->queryRows('SELECT * FROM `...')
#2 E:\WWW\gugong\source\phalapi\src\app\Lib\Ad.php(13): App\Model\Ad->getBanner()
#3 E:\WWW\gugong\source\phalapi\src\app\Api\Index.php(41): App\Lib\Ad->getBannerList()
#4 [internal function]: App\Api\Index->indexListApi()
#5 E:\WWW\gugong\source\phalapi\vendor\phalapi\kernal\src\PhalApi.php(53): call_user_func(Array)
#6 E:\WWW\gugong\source\phalapi\public\index.php(13): PhalApi\PhalApi->response()
#7 {main}
2020-02-12 22:22:22|SQL|[#1 - 0.51ms - SQL]E:\WWW\gugong\source\phalapi\src\app\Api\Passport.php(422):    App\Model\User::getConfig()    ecs_users    select * from ecs_shop_config where code = 'hfive';|{"request":{"service":"App.Passport.getWxAuthApi"}}
2020-02-12 22:23:47|SQL|[#1 - 0.52ms - SQL]E:\WWW\gugong\source\phalapi\src\app\Api\Passport.php(422):    App\Model\User::getConfig()    ecs_users    select * from ecs_shop_config where code = 'hfive';|{"request":{"service":"App.Passport.getWxAuthApi"}}
2020-02-12 23:03:57|SQL|[#1 - 0.37ms - SQL]E:\WWW\gugong\source\phalapi\src\app\Api\Passport.php(422):    App\Model\User::getConfig()    ecs_users    select * from ecs_shop where code = 'wechat.web';|{"request":{"service":"App.Passport.getWxAuthApi"}}
2020-02-12 23:03:57|ERROR|App.Passport.getWxAuthApi|exception 'PDOException' with message 'Table 'gugong.ecs_shop' doesn't exist' in E:\WWW\gugong\source\phalapi\vendor\phalapi\notorm\src\NotORM\Result.php:280
Stack trace:
#0 E:\WWW\gugong\source\phalapi\vendor\phalapi\notorm\src\NotORM\Result.php(1066): NotORM_Result->query('select * from e...', Array)
#1 E:\WWW\gugong\source\phalapi\src\app\Model\User.php(798): NotORM_Result->queryRow('select * from e...')
#2 E:\WWW\gugong\source\phalapi\src\app\Api\Passport.php(422): App\Model\User->getConfig()
#3 [internal function]: App\Api\Passport->getWxAuthApi()
#4 E:\WWW\gugong\source\phalapi\vendor\phalapi\kernal\src\PhalApi.php(53): call_user_func(Array)
#5 E:\WWW\gugong\source\phalapi\public\index.php(13): PhalApi\PhalApi->response()
#6 {main}
2020-02-12 23:05:14|SQL|[#1 - 0.82ms - SQL]E:\WWW\gugong\source\phalapi\src\app\Api\Passport.php(422):    App\Model\User::getConfig()    ecs_users    select * from ecs_config where code = 'wechat.web';|{"request":{"service":"App.Passport.getWxAuthApi"}}
2020-02-12 23:06:13|SQL|[#1 - 0.81ms - SQL]E:\WWW\gugong\source\phalapi\src\app\Api\Passport.php(422):    App\Model\User::getConfig()    ecs_users    select * from ecs_config where code = 'wechat.web';|{"request":{"service":"App.Passport.getWxAuthApi"}}
2020-02-12 23:07:10|SQL|[#1 - 0.35ms - SQL]E:\WWW\gugong\source\phalapi\src\app\Api\Passport.php(422):    App\Model\User::getConfig()    ecs_users    select * from ecs_config where code = 'wechat.web';|{"request":{"service":"App.Passport.getWxAuthApi"}}
